<?xml version="1.0" encoding="UTF-8"?>
<testng-results skipped="0" failed="0" ignored="0" total="2" passed="2">
  <reporter-output>
  </reporter-output>
  <suite name="Default suite" duration-ms="17809" started-at="2020-01-23T15:26:15 EST" finished-at="2020-01-23T15:26:33 EST">
    <groups>
      <group name="sprint1">
        <method signature="Groups.titleValidation()[pri:0, instance:com.class03.Groups@6ddf90b0]" name="titleValidation" class="com.class03.Groups"/>
      </group> <!-- sprint1 -->
      <group name="regression">
        <method signature="Groups.titleValidation()[pri:0, instance:com.class03.Groups@6ddf90b0]" name="titleValidation" class="com.class03.Groups"/>
      </group> <!-- regression -->
      <group name="smoke">
        <method signature="Groups.validLogin()[pri:0, instance:com.class03.Groups@6ddf90b0]" name="validLogin" class="com.class03.Groups"/>
      </group> <!-- smoke -->
      <group name="login">
        <method signature="Groups.validLogin()[pri:0, instance:com.class03.Groups@6ddf90b0]" name="validLogin" class="com.class03.Groups"/>
      </group> <!-- login -->
    </groups>
    <test name="Default test" duration-ms="17809" started-at="2020-01-23T15:26:15 EST" finished-at="2020-01-23T15:26:33 EST">
      <class name="com.class03.Groups">
        <test-method status="PASS" signature="openAndNavigate()[pri:0, instance:com.class03.Groups@6ddf90b0]" name="openAndNavigate" is-config="true" duration-ms="7522" started-at="2020-01-23T15:26:15 EST" finished-at="2020-01-23T15:26:22 EST">
          <reporter-output>
          </reporter-output>
        </test-method> <!-- openAndNavigate -->
        <test-method status="PASS" signature="titleValidation()[pri:0, instance:com.class03.Groups@6ddf90b0]" name="titleValidation" duration-ms="19" started-at="2020-01-23T15:26:22 EST" finished-at="2020-01-23T15:26:22 EST">
          <reporter-output>
          </reporter-output>
        </test-method> <!-- titleValidation -->
        <test-method status="PASS" signature="closeBrowser()[pri:0, instance:com.class03.Groups@6ddf90b0]" name="closeBrowser" is-config="true" duration-ms="622" started-at="2020-01-23T15:26:22 EST" finished-at="2020-01-23T15:26:23 EST">
          <reporter-output>
          </reporter-output>
        </test-method> <!-- closeBrowser -->
        <test-method status="PASS" signature="openAndNavigate()[pri:0, instance:com.class03.Groups@6ddf90b0]" name="openAndNavigate" is-config="true" duration-ms="6525" started-at="2020-01-23T15:26:23 EST" finished-at="2020-01-23T15:26:30 EST">
          <reporter-output>
          </reporter-output>
        </test-method> <!-- openAndNavigate -->
        <test-method status="PASS" signature="validLogin()[pri:0, instance:com.class03.Groups@6ddf90b0]" name="validLogin" duration-ms="2372" started-at="2020-01-23T15:26:30 EST" finished-at="2020-01-23T15:26:32 EST">
          <reporter-output>
          </reporter-output>
        </test-method> <!-- validLogin -->
        <test-method status="PASS" signature="closeBrowser()[pri:0, instance:com.class03.Groups@6ddf90b0]" name="closeBrowser" is-config="true" duration-ms="671" started-at="2020-01-23T15:26:32 EST" finished-at="2020-01-23T15:26:33 EST">
          <reporter-output>
          </reporter-output>
        </test-method> <!-- closeBrowser -->
      </class> <!-- com.class03.Groups -->
    </test> <!-- Default test -->
  </suite> <!-- Default suite -->
</testng-results>
